c:\fs projects\pg2\pg2 work\labs\week3\lab3\graphics\x64\debug\vc143.pdb
c:\fs projects\pg2\pg2 work\labs\week3\lab3\graphics\x64\debug\vc143.idb
c:\fs projects\pg2\pg2 work\labs\week3\lab3\graphics\x64\debug\triangle.obj
c:\fs projects\pg2\pg2 work\labs\week3\lab3\graphics\x64\debug\tester.obj
c:\fs projects\pg2\pg2 work\labs\week3\lab3\graphics\x64\debug\pixel.obj
c:\fs projects\pg2\pg2 work\labs\week3\lab3\graphics\x64\debug\line.obj
c:\fs projects\pg2\pg2 work\labs\week3\lab3\graphics\x64\debug\graphics.obj
c:\fs projects\pg2\pg2 work\labs\week3\lab3\graphics\x64\debug\shape.obj
c:\fs projects\pg2\pg2 work\labs\week3\lab3\graphics\x64\debug\rectangle.obj
c:\fs projects\pg2\pg2 work\labs\week3\lab3\graphics\x64\debug\input.obj
c:\fs projects\pg2\pg2 work\labs\week3\lab3\graphics\x64\debug\console.obj
c:\fs projects\pg2\pg2 work\labs\week3\lab3\x64\debug\graphics.exe
c:\fs projects\pg2\pg2 work\labs\week3\lab3\x64\debug\graphics.pdb
c:\fs projects\pg2\pg2 work\labs\week3\lab3\graphics\x64\debug\graphics.ilk
c:\fs projects\pg2\pg2 work\labs\week3\lab3\graphics\x64\debug\graphics.tlog\cl.command.1.tlog
c:\fs projects\pg2\pg2 work\labs\week3\lab3\graphics\x64\debug\graphics.tlog\cl.items.tlog
c:\fs projects\pg2\pg2 work\labs\week3\lab3\graphics\x64\debug\graphics.tlog\cl.read.1.tlog
c:\fs projects\pg2\pg2 work\labs\week3\lab3\graphics\x64\debug\graphics.tlog\cl.write.1.tlog
c:\fs projects\pg2\pg2 work\labs\week3\lab3\graphics\x64\debug\graphics.tlog\link.command.1.tlog
c:\fs projects\pg2\pg2 work\labs\week3\lab3\graphics\x64\debug\graphics.tlog\link.read.1.tlog
c:\fs projects\pg2\pg2 work\labs\week3\lab3\graphics\x64\debug\graphics.tlog\link.secondary.1.tlog
c:\fs projects\pg2\pg2 work\labs\week3\lab3\graphics\x64\debug\graphics.tlog\link.write.1.tlog
